Signature is valid for /home/kevin/Github_Repository/SecurityModels/1.0_final/1.0_final/modules/file_traversal.py
Signature is valid for /home/kevin/Github_Repository/SecurityModels/1.0_final/1.0_final/modules/DigitalSign.py
Signature is valid for /home/kevin/Github_Repository/SecurityModels/1.0_final/1.0_final/modules/__init__.py
Signature is valid for /home/kevin/Github_Repository/SecurityModels/1.0_final/1.0_final/modules/utils.py
Signature is valid for /home/kevin/Github_Repository/SecurityModels/1.0_final/1.0_final/modules/compare.py
Signature is valid for /home/kevin/Github_Repository/SecurityModels/1.0_final/1.0_final/modules/read_signatures.py
Signature is valid for /home/kevin/Github_Repository/SecurityModels/1.0_final/1.0_final/assets/mypublickey.asc
Signature is valid for /home/kevin/Github_Repository/SecurityModels/1.0_final/1.0_final/assets/signatures.db
Signature is valid for /home/kevin/Github_Repository/SecurityModels/1.0_final/1.0_final/main.py
Compromised file: h4x0r.pdf | Virus: TestVirus.B | Compromised file path: assets/directory/h4x0r.pdf 
Compromised file: passwd | Virus: TestVirus.C | Compromised file path: assets/directory/SubDir7/SubSubDir73/passwd 
Compromised file: passwd | Virus: TestVirus.J | Compromised file path: assets/directory/SubDir7/SubSubDir73/passwd 
Compromised file: fil3 | Virus: TestVirus.J | Compromised file path: assets/directory/SubDir7/SubSubDir75/fil3 
Compromised file: fil3 | Virus: TestVirus.Q | Compromised file path: assets/directory/SubDir7/SubSubDir75/fil3 
Compromised file: fil3 | Virus: TestTrojan.6 | Compromised file path: assets/directory/SubDir7/SubSubDir75/fil3 
Compromised file: ypcat | Virus: TestVirus.J | Compromised file path: assets/directory/SubDir7/SubSubDir75/ypcat 
Compromised file: ypcat | Virus: TestVirus.Q | Compromised file path: assets/directory/SubDir7/SubSubDir75/ypcat 
Compromised file: ypcat | Virus: TestTrojan.6 | Compromised file path: assets/directory/SubDir7/SubSubDir75/ypcat 
Compromised file: test.pdf | Virus: TestVirus.B | Compromised file path: assets/directory/SubDir5/SubSubDir52/test.pdf 
Signature is valid for /home/kevin/Github_Repository/SecurityModels/1.0_final/1.0_final/modules/file_traversal.py
Signature is valid for /home/kevin/Github_Repository/SecurityModels/1.0_final/1.0_final/modules/DigitalSign.py
Signature is valid for /home/kevin/Github_Repository/SecurityModels/1.0_final/1.0_final/modules/__init__.py
Signature is valid for /home/kevin/Github_Repository/SecurityModels/1.0_final/1.0_final/modules/utils.py
Verification failed or signature not valid for /home/kevin/Github_Repository/SecurityModels/1.0_final/1.0_final/modules/compare.py
Signature is valid for /home/kevin/Github_Repository/SecurityModels/1.0_final/1.0_final/modules/read_signatures.py
Signature is valid for /home/kevin/Github_Repository/SecurityModels/1.0_final/1.0_final/assets/mypublickey.asc
Signature is valid for /home/kevin/Github_Repository/SecurityModels/1.0_final/1.0_final/assets/signatures.db
Signature is valid for /home/kevin/Github_Repository/SecurityModels/1.0_final/1.0_final/main.py
Compromised file: h4x0r.pdf | Virus: TestVirus.B | Compromised file path: assets/directory/h4x0r.pdf 
Compromised file: passwd | Virus: TestVirus.C | Compromised file path: assets/directory/SubDir7/SubSubDir73/passwd 
Compromised file: passwd | Virus: TestVirus.J | Compromised file path: assets/directory/SubDir7/SubSubDir73/passwd 
Compromised file: fil3 | Virus: TestVirus.J | Compromised file path: assets/directory/SubDir7/SubSubDir75/fil3 
Compromised file: fil3 | Virus: TestVirus.Q | Compromised file path: assets/directory/SubDir7/SubSubDir75/fil3 
Compromised file: fil3 | Virus: TestTrojan.6 | Compromised file path: assets/directory/SubDir7/SubSubDir75/fil3 
Compromised file: ypcat | Virus: TestVirus.J | Compromised file path: assets/directory/SubDir7/SubSubDir75/ypcat 
Compromised file: ypcat | Virus: TestVirus.Q | Compromised file path: assets/directory/SubDir7/SubSubDir75/ypcat 
Compromised file: ypcat | Virus: TestTrojan.6 | Compromised file path: assets/directory/SubDir7/SubSubDir75/ypcat 
Compromised file: test.pdf | Virus: TestVirus.B | Compromised file path: assets/directory/SubDir5/SubSubDir52/test.pdf 
