Signature is valid for /home/kevin/Github_Repository/SecurityModels/SecurityModels-main/1.0_final/1.0_final/modules/file_traversal.py
Signature is valid for /home/kevin/Github_Repository/SecurityModels/SecurityModels-main/1.0_final/1.0_final/modules/digital_sign.py
Signature is valid for /home/kevin/Github_Repository/SecurityModels/SecurityModels-main/1.0_final/1.0_final/modules/update_progress.py
Signature is valid for /home/kevin/Github_Repository/SecurityModels/SecurityModels-main/1.0_final/1.0_final/modules/__init__.py
Signature is valid for /home/kevin/Github_Repository/SecurityModels/SecurityModels-main/1.0_final/1.0_final/modules/utils.py
Signature is valid for /home/kevin/Github_Repository/SecurityModels/SecurityModels-main/1.0_final/1.0_final/modules/compare.py
Signature is valid for /home/kevin/Github_Repository/SecurityModels/SecurityModels-main/1.0_final/1.0_final/modules/read_signatures.py
Signature is valid for /home/kevin/Github_Repository/SecurityModels/SecurityModels-main/1.0_final/1.0_final/assets/mypublickey.asc
Signature is valid for /home/kevin/Github_Repository/SecurityModels/SecurityModels-main/1.0_final/1.0_final/assets/signatures.db
Signature is valid for /home/kevin/Github_Repository/SecurityModels/SecurityModels-main/1.0_final/1.0_final/main.py

Name of compromised file: h4x0r.pdf
Virus: TestVirus.B
Path of compromised path: assets/directory/h4x0r.pdf
Infected user: kevin

Name of compromised file: passwd
Virus: TestVirus.C
Path of compromised path: assets/directory/SubDir7/SubSubDir73/passwd
Infected user: kevin

Name of compromised file: passwd
Virus: TestVirus.J
Path of compromised path: assets/directory/SubDir7/SubSubDir73/passwd
Infected user: kevin

Name of compromised file: fil3
Virus: TestVirus.J
Path of compromised path: assets/directory/SubDir7/SubSubDir75/fil3
Infected user: kevin

Name of compromised file: fil3
Virus: TestVirus.Q
Path of compromised path: assets/directory/SubDir7/SubSubDir75/fil3
Infected user: kevin

Name of compromised file: fil3
Virus: TestTrojan.6
Path of compromised path: assets/directory/SubDir7/SubSubDir75/fil3
Infected user: kevin

Name of compromised file: ypcat
Virus: TestVirus.J
Path of compromised path: assets/directory/SubDir7/SubSubDir75/ypcat
Infected user: kevin

Name of compromised file: ypcat
Virus: TestVirus.Q
Path of compromised path: assets/directory/SubDir7/SubSubDir75/ypcat
Infected user: kevin

Name of compromised file: ypcat
Virus: TestTrojan.6
Path of compromised path: assets/directory/SubDir7/SubSubDir75/ypcat
Infected user: kevin

Name of compromised file: test.pdf
Virus: TestVirus.B
Path of compromised path: assets/directory/SubDir5/SubSubDir52/test.pdf
Infected user: kevin
